<?xml version="1.0" encoding="UTF-8"?>
<testsuite xmlns:xsi="http://www.w3.org/2001/XMLSchema-instance" xsi:noNamespaceSchemaLocation="https://maven.apache.org/surefire/maven-surefire-plugin/xsd/surefire-test-report-3.0.xsd" version="3.0" name="com.campushare.RideRecommendation.RideRecommendationApplicationTests" time="2.347" tests="1" errors="0" skipped="0" failures="0">
  <properties>
    <property name="java.specification.version" value="21"/>
    <property name="sun.jnu.encoding" value="UTF-8"/>
    <property name="java.class.path" value="/Users/Sakura/18653_SDA/GroupProject/RideRecommendation/target/test-classes:/Users/Sakura/18653_SDA/GroupProject/RideRecommendation/target/classes:/Users/Sakura/.m2/repository/org/springframework/boot/spring-boot-starter-web/3.1.5/spring-boot-starter-web-3.1.5.jar:/Users/Sakura/.m2/repository/org/springframework/boot/spring-boot-starter/3.1.5/spring-boot-starter-3.1.5.jar:/Users/Sakura/.m2/repository/org/springframework/boot/spring-boot/3.1.5/spring-boot-3.1.5.jar:/Users/Sakura/.m2/repository/org/springframework/boot/spring-boot-autoconfigure/3.1.5/spring-boot-autoconfigure-3.1.5.jar:/Users/Sakura/.m2/repository/org/springframework/boot/spring-boot-starter-logging/3.1.5/spring-boot-starter-logging-3.1.5.jar:/Users/Sakura/.m2/repository/ch/qos/logback/logback-classic/1.4.11/logback-classic-1.4.11.jar:/Users/Sakura/.m2/repository/ch/qos/logback/logback-core/1.4.11/logback-core-1.4.11.jar:/Users/Sakura/.m2/repository/org/apache/logging/log4j/log4j-to-slf4j/2.20.0/log4j-to-slf4j-2.20.0.jar:/Users/Sakura/.m2/repository/org/apache/logging/log4j/log4j-api/2.20.0/log4j-api-2.20.0.jar:/Users/Sakura/.m2/repository/org/slf4j/jul-to-slf4j/2.0.9/jul-to-slf4j-2.0.9.jar:/Users/Sakura/.m2/repository/jakarta/annotation/jakarta.annotation-api/2.1.1/jakarta.annotation-api-2.1.1.jar:/Users/Sakura/.m2/repository/org/yaml/snakeyaml/1.33/snakeyaml-1.33.jar:/Users/Sakura/.m2/repository/org/springframework/boot/spring-boot-starter-json/3.1.5/spring-boot-starter-json-3.1.5.jar:/Users/Sakura/.m2/repository/com/fasterxml/jackson/datatype/jackson-datatype-jdk8/2.15.3/jackson-datatype-jdk8-2.15.3.jar:/Users/Sakura/.m2/repository/com/fasterxml/jackson/datatype/jackson-datatype-jsr310/2.15.3/jackson-datatype-jsr310-2.15.3.jar:/Users/Sakura/.m2/repository/com/fasterxml/jackson/module/jackson-module-parameter-names/2.15.3/jackson-module-parameter-names-2.15.3.jar:/Users/Sakura/.m2/repository/org/springframework/boot/spring-boot-starter-tomcat/3.1.5/spring-boot-starter-tomcat-3.1.5.jar:/Users/Sakura/.m2/repository/org/apache/tomcat/embed/tomcat-embed-core/10.1.15/tomcat-embed-core-10.1.15.jar:/Users/Sakura/.m2/repository/org/apache/tomcat/embed/tomcat-embed-el/10.1.15/tomcat-embed-el-10.1.15.jar:/Users/Sakura/.m2/repository/org/apache/tomcat/embed/tomcat-embed-websocket/10.1.15/tomcat-embed-websocket-10.1.15.jar:/Users/Sakura/.m2/repository/org/springframework/spring-web/6.0.13/spring-web-6.0.13.jar:/Users/Sakura/.m2/repository/org/springframework/spring-beans/6.0.13/spring-beans-6.0.13.jar:/Users/Sakura/.m2/repository/org/springframework/spring-webmvc/6.0.13/spring-webmvc-6.0.13.jar:/Users/Sakura/.m2/repository/org/springframework/spring-aop/6.0.13/spring-aop-6.0.13.jar:/Users/Sakura/.m2/repository/org/springframework/spring-expression/6.0.13/spring-expression-6.0.13.jar:/Users/Sakura/.m2/repository/org/springframework/boot/spring-boot-starter-data-mongodb/3.1.5/spring-boot-starter-data-mongodb-3.1.5.jar:/Users/Sakura/.m2/repository/org/mongodb/mongodb-driver-sync/4.9.1/mongodb-driver-sync-4.9.1.jar:/Users/Sakura/.m2/repository/org/mongodb/bson/4.9.1/bson-4.9.1.jar:/Users/Sakura/.m2/repository/org/mongodb/mongodb-driver-core/4.9.1/mongodb-driver-core-4.9.1.jar:/Users/Sakura/.m2/repository/org/mongodb/bson-record-codec/4.9.1/bson-record-codec-4.9.1.jar:/Users/Sakura/.m2/repository/org/springframework/data/spring-data-mongodb/4.1.5/spring-data-mongodb-4.1.5.jar:/Users/Sakura/.m2/repository/org/springframework/data/spring-data-commons/3.1.5/spring-data-commons-3.1.5.jar:/Users/Sakura/.m2/repository/org/slf4j/slf4j-api/2.0.9/slf4j-api-2.0.9.jar:/Users/Sakura/.m2/repository/org/springframework/kafka/spring-kafka/3.0.12/spring-kafka-3.0.12.jar:/Users/Sakura/.m2/repository/org/springframework/spring-context/6.0.13/spring-context-6.0.13.jar:/Users/Sakura/.m2/repository/org/springframework/spring-messaging/6.0.13/spring-messaging-6.0.13.jar:/Users/Sakura/.m2/repository/org/springframework/spring-tx/6.0.13/spring-tx-6.0.13.jar:/Users/Sakura/.m2/repository/org/springframework/retry/spring-retry/2.0.4/spring-retry-2.0.4.jar:/Users/Sakura/.m2/repository/org/apache/kafka/kafka-clients/3.4.1/kafka-clients-3.4.1.jar:/Users/Sakura/.m2/repository/com/github/luben/zstd-jni/1.5.2-1/zstd-jni-1.5.2-1.jar:/Users/Sakura/.m2/repository/org/lz4/lz4-java/1.8.0/lz4-java-1.8.0.jar:/Users/Sakura/.m2/repository/org/xerial/snappy/snappy-java/1.1.8.4/snappy-java-1.1.8.4.jar:/Users/Sakura/.m2/repository/io/micrometer/micrometer-observation/1.11.5/micrometer-observation-1.11.5.jar:/Users/Sakura/.m2/repository/io/micrometer/micrometer-commons/1.11.5/micrometer-commons-1.11.5.jar:/Users/Sakura/.m2/repository/com/google/code/findbugs/jsr305/3.0.2/jsr305-3.0.2.jar:/Users/Sakura/.m2/repository/org/projectlombok/lombok/1.18.30/lombok-1.18.30.jar:/Users/Sakura/.m2/repository/com/fasterxml/jackson/core/jackson-databind/2.15.3/jackson-databind-2.15.3.jar:/Users/Sakura/.m2/repository/com/fasterxml/jackson/core/jackson-annotations/2.15.3/jackson-annotations-2.15.3.jar:/Users/Sakura/.m2/repository/com/fasterxml/jackson/core/jackson-core/2.15.3/jackson-core-2.15.3.jar:/Users/Sakura/.m2/repository/org/springframework/boot/spring-boot-starter-test/3.1.5/spring-boot-starter-test-3.1.5.jar:/Users/Sakura/.m2/repository/org/springframework/boot/spring-boot-test/3.1.5/spring-boot-test-3.1.5.jar:/Users/Sakura/.m2/repository/org/springframework/boot/spring-boot-test-autoconfigure/3.1.5/spring-boot-test-autoconfigure-3.1.5.jar:/Users/Sakura/.m2/repository/com/jayway/jsonpath/json-path/2.8.0/json-path-2.8.0.jar:/Users/Sakura/.m2/repository/jakarta/xml/bind/jakarta.xml.bind-api/4.0.1/jakarta.xml.bind-api-4.0.1.jar:/Users/Sakura/.m2/repository/jakarta/activation/jakarta.activation-api/2.1.2/jakarta.activation-api-2.1.2.jar:/Users/Sakura/.m2/repository/net/minidev/json-smart/2.4.11/json-smart-2.4.11.jar:/Users/Sakura/.m2/repository/net/minidev/accessors-smart/2.4.11/accessors-smart-2.4.11.jar:/Users/Sakura/.m2/repository/org/ow2/asm/asm/9.3/asm-9.3.jar:/Users/Sakura/.m2/repository/org/assertj/assertj-core/3.24.2/assertj-core-3.24.2.jar:/Users/Sakura/.m2/repository/net/bytebuddy/byte-buddy/1.14.9/byte-buddy-1.14.9.jar:/Users/Sakura/.m2/repository/org/hamcrest/hamcrest/2.2/hamcrest-2.2.jar:/Users/Sakura/.m2/repository/org/junit/jupiter/junit-jupiter/5.9.3/junit-jupiter-5.9.3.jar:/Users/Sakura/.m2/repository/org/junit/jupiter/junit-jupiter-params/5.9.3/junit-jupiter-params-5.9.3.jar:/Users/Sakura/.m2/repository/org/junit/jupiter/junit-jupiter-engine/5.9.3/junit-jupiter-engine-5.9.3.jar:/Users/Sakura/.m2/repository/org/mockito/mockito-core/5.3.1/mockito-core-5.3.1.jar:/Users/Sakura/.m2/repository/net/bytebuddy/byte-buddy-agent/1.14.9/byte-buddy-agent-1.14.9.jar:/Users/Sakura/.m2/repository/org/objenesis/objenesis/3.3/objenesis-3.3.jar:/Users/Sakura/.m2/repository/org/mockito/mockito-junit-jupiter/5.3.1/mockito-junit-jupiter-5.3.1.jar:/Users/Sakura/.m2/repository/org/skyscreamer/jsonassert/1.5.1/jsonassert-1.5.1.jar:/Users/Sakura/.m2/repository/com/vaadin/external/google/android-json/0.0.20131108.vaadin1/android-json-0.0.20131108.vaadin1.jar:/Users/Sakura/.m2/repository/org/springframework/spring-core/6.0.13/spring-core-6.0.13.jar:/Users/Sakura/.m2/repository/org/springframework/spring-jcl/6.0.13/spring-jcl-6.0.13.jar:/Users/Sakura/.m2/repository/org/springframework/spring-test/6.0.13/spring-test-6.0.13.jar:/Users/Sakura/.m2/repository/org/xmlunit/xmlunit-core/2.9.1/xmlunit-core-2.9.1.jar:/Users/Sakura/.m2/repository/org/springframework/kafka/spring-kafka-test/3.0.12/spring-kafka-test-3.0.12.jar:/Users/Sakura/.m2/repository/org/apache/zookeeper/zookeeper/3.6.3/zookeeper-3.6.3.jar:/Users/Sakura/.m2/repository/org/apache/zookeeper/zookeeper-jute/3.6.3/zookeeper-jute-3.6.3.jar:/Users/Sakura/.m2/repository/org/apache/yetus/audience-annotations/0.5.0/audience-annotations-0.5.0.jar:/Users/Sakura/.m2/repository/io/netty/netty-handler/4.1.100.Final/netty-handler-4.1.100.Final.jar:/Users/Sakura/.m2/repository/io/netty/netty-common/4.1.100.Final/netty-common-4.1.100.Final.jar:/Users/Sakura/.m2/repository/io/netty/netty-resolver/4.1.100.Final/netty-resolver-4.1.100.Final.jar:/Users/Sakura/.m2/repository/io/netty/netty-buffer/4.1.100.Final/netty-buffer-4.1.100.Final.jar:/Users/Sakura/.m2/repository/io/netty/netty-transport/4.1.100.Final/netty-transport-4.1.100.Final.jar:/Users/Sakura/.m2/repository/io/netty/netty-transport-native-unix-common/4.1.100.Final/netty-transport-native-unix-common-4.1.100.Final.jar:/Users/Sakura/.m2/repository/io/netty/netty-codec/4.1.100.Final/netty-codec-4.1.100.Final.jar:/Users/Sakura/.m2/repository/io/netty/netty-transport-native-epoll/4.1.100.Final/netty-transport-native-epoll-4.1.100.Final.jar:/Users/Sakura/.m2/repository/io/netty/netty-transport-classes-epoll/4.1.100.Final/netty-transport-classes-epoll-4.1.100.Final.jar:/Users/Sakura/.m2/repository/org/apache/kafka/kafka-clients/3.4.1/kafka-clients-3.4.1-test.jar:/Users/Sakura/.m2/repository/org/apache/kafka/kafka-metadata/3.4.1/kafka-metadata-3.4.1.jar:/Users/Sakura/.m2/repository/org/apache/kafka/kafka-server-common/3.4.1/kafka-server-common-3.4.1.jar:/Users/Sakura/.m2/repository/org/apache/kafka/kafka-raft/3.4.1/kafka-raft-3.4.1.jar:/Users/Sakura/.m2/repository/com/yammer/metrics/metrics-core/2.2.0/metrics-core-2.2.0.jar:/Users/Sakura/.m2/repository/org/apache/kafka/kafka-streams-test-utils/3.4.1/kafka-streams-test-utils-3.4.1.jar:/Users/Sakura/.m2/repository/org/apache/kafka/kafka-streams/3.4.1/kafka-streams-3.4.1.jar:/Users/Sakura/.m2/repository/org/rocksdb/rocksdbjni/7.1.2/rocksdbjni-7.1.2.jar:/Users/Sakura/.m2/repository/org/apache/kafka/kafka_2.13/3.4.1/kafka_2.13-3.4.1.jar:/Users/Sakura/.m2/repository/org/scala-lang/scala-library/2.13.10/scala-library-2.13.10.jar:/Users/Sakura/.m2/repository/org/apache/kafka/kafka-group-coordinator/3.4.1/kafka-group-coordinator-3.4.1.jar:/Users/Sakura/.m2/repository/org/apache/kafka/kafka-storage/3.4.1/kafka-storage-3.4.1.jar:/Users/Sakura/.m2/repository/org/apache/kafka/kafka-storage-api/3.4.1/kafka-storage-api-3.4.1.jar:/Users/Sakura/.m2/repository/net/sourceforge/argparse4j/argparse4j/0.7.0/argparse4j-0.7.0.jar:/Users/Sakura/.m2/repository/com/fasterxml/jackson/module/jackson-module-scala_2.13/2.15.3/jackson-module-scala_2.13-2.15.3.jar:/Users/Sakura/.m2/repository/com/thoughtworks/paranamer/paranamer/2.8/paranamer-2.8.jar:/Users/Sakura/.m2/repository/com/fasterxml/jackson/dataformat/jackson-dataformat-csv/2.15.3/jackson-dataformat-csv-2.15.3.jar:/Users/Sakura/.m2/repository/net/sf/jopt-simple/jopt-simple/5.0.4/jopt-simple-5.0.4.jar:/Users/Sakura/.m2/repository/org/bitbucket/b_c/jose4j/0.9.3/jose4j-0.9.3.jar:/Users/Sakura/.m2/repository/org/scala-lang/modules/scala-collection-compat_2.13/2.10.0/scala-collection-compat_2.13-2.10.0.jar:/Users/Sakura/.m2/repository/org/scala-lang/modules/scala-java8-compat_2.13/1.0.2/scala-java8-compat_2.13-1.0.2.jar:/Users/Sakura/.m2/repository/org/scala-lang/scala-reflect/2.13.10/scala-reflect-2.13.10.jar:/Users/Sakura/.m2/repository/com/typesafe/scala-logging/scala-logging_2.13/3.9.4/scala-logging_2.13-3.9.4.jar:/Users/Sakura/.m2/repository/io/dropwizard/metrics/metrics-core/4.2.21/metrics-core-4.2.21.jar:/Users/Sakura/.m2/repository/commons-cli/commons-cli/1.4/commons-cli-1.4.jar:/Users/Sakura/.m2/repository/org/apache/kafka/kafka_2.13/3.4.1/kafka_2.13-3.4.1-test.jar:/Users/Sakura/.m2/repository/org/junit/jupiter/junit-jupiter-api/5.9.3/junit-jupiter-api-5.9.3.jar:/Users/Sakura/.m2/repository/org/opentest4j/opentest4j/1.2.0/opentest4j-1.2.0.jar:/Users/Sakura/.m2/repository/org/junit/platform/junit-platform-commons/1.9.3/junit-platform-commons-1.9.3.jar:/Users/Sakura/.m2/repository/org/apiguardian/apiguardian-api/1.1.2/apiguardian-api-1.1.2.jar:/Users/Sakura/.m2/repository/org/junit/platform/junit-platform-launcher/1.9.3/junit-platform-launcher-1.9.3.jar:/Users/Sakura/.m2/repository/org/junit/platform/junit-platform-engine/1.9.3/junit-platform-engine-1.9.3.jar:"/>
    <property name="java.vm.vendor" value="Homebrew"/>
    <property name="sun.arch.data.model" value="64"/>
    <property name="java.vendor.url" value="https://github.com/Homebrew/homebrew-core/issues"/>
    <property name="user.timezone" value="America/Los_Angeles"/>
    <property name="os.name" value="Mac OS X"/>
    <property name="java.vm.specification.version" value="21"/>
    <property name="sun.java.launcher" value="SUN_STANDARD"/>
    <property name="user.country" value="US"/>
    <property name="sun.boot.library.path" value="/opt/homebrew/Cellar/openjdk/21.0.1/libexec/openjdk.jdk/Contents/Home/lib"/>
    <property name="sun.java.command" value="/Users/Sakura/18653_SDA/GroupProject/RideRecommendation/target/surefire/surefirebooter-20231205191608260_3.jar /Users/Sakura/18653_SDA/GroupProject/RideRecommendation/target/surefire 2023-12-05T19-16-08_123-jvmRun1 surefire-20231205191608260_1tmp surefire_0-20231205191608260_2tmp"/>
    <property name="jdk.debug" value="release"/>
    <property name="surefire.test.class.path" value="/Users/Sakura/18653_SDA/GroupProject/RideRecommendation/target/test-classes:/Users/Sakura/18653_SDA/GroupProject/RideRecommendation/target/classes:/Users/Sakura/.m2/repository/org/springframework/boot/spring-boot-starter-web/3.1.5/spring-boot-starter-web-3.1.5.jar:/Users/Sakura/.m2/repository/org/springframework/boot/spring-boot-starter/3.1.5/spring-boot-starter-3.1.5.jar:/Users/Sakura/.m2/repository/org/springframework/boot/spring-boot/3.1.5/spring-boot-3.1.5.jar:/Users/Sakura/.m2/repository/org/springframework/boot/spring-boot-autoconfigure/3.1.5/spring-boot-autoconfigure-3.1.5.jar:/Users/Sakura/.m2/repository/org/springframework/boot/spring-boot-starter-logging/3.1.5/spring-boot-starter-logging-3.1.5.jar:/Users/Sakura/.m2/repository/ch/qos/logback/logback-classic/1.4.11/logback-classic-1.4.11.jar:/Users/Sakura/.m2/repository/ch/qos/logback/logback-core/1.4.11/logback-core-1.4.11.jar:/Users/Sakura/.m2/repository/org/apache/logging/log4j/log4j-to-slf4j/2.20.0/log4j-to-slf4j-2.20.0.jar:/Users/Sakura/.m2/repository/org/apache/logging/log4j/log4j-api/2.20.0/log4j-api-2.20.0.jar:/Users/Sakura/.m2/repository/org/slf4j/jul-to-slf4j/2.0.9/jul-to-slf4j-2.0.9.jar:/Users/Sakura/.m2/repository/jakarta/annotation/jakarta.annotation-api/2.1.1/jakarta.annotation-api-2.1.1.jar:/Users/Sakura/.m2/repository/org/yaml/snakeyaml/1.33/snakeyaml-1.33.jar:/Users/Sakura/.m2/repository/org/springframework/boot/spring-boot-starter-json/3.1.5/spring-boot-starter-json-3.1.5.jar:/Users/Sakura/.m2/repository/com/fasterxml/jackson/datatype/jackson-datatype-jdk8/2.15.3/jackson-datatype-jdk8-2.15.3.jar:/Users/Sakura/.m2/repository/com/fasterxml/jackson/datatype/jackson-datatype-jsr310/2.15.3/jackson-datatype-jsr310-2.15.3.jar:/Users/Sakura/.m2/repository/com/fasterxml/jackson/module/jackson-module-parameter-names/2.15.3/jackson-module-parameter-names-2.15.3.jar:/Users/Sakura/.m2/repository/org/springframework/boot/spring-boot-starter-tomcat/3.1.5/spring-boot-starter-tomcat-3.1.5.jar:/Users/Sakura/.m2/repository/org/apache/tomcat/embed/tomcat-embed-core/10.1.15/tomcat-embed-core-10.1.15.jar:/Users/Sakura/.m2/repository/org/apache/tomcat/embed/tomcat-embed-el/10.1.15/tomcat-embed-el-10.1.15.jar:/Users/Sakura/.m2/repository/org/apache/tomcat/embed/tomcat-embed-websocket/10.1.15/tomcat-embed-websocket-10.1.15.jar:/Users/Sakura/.m2/repository/org/springframework/spring-web/6.0.13/spring-web-6.0.13.jar:/Users/Sakura/.m2/repository/org/springframework/spring-beans/6.0.13/spring-beans-6.0.13.jar:/Users/Sakura/.m2/repository/org/springframework/spring-webmvc/6.0.13/spring-webmvc-6.0.13.jar:/Users/Sakura/.m2/repository/org/springframework/spring-aop/6.0.13/spring-aop-6.0.13.jar:/Users/Sakura/.m2/repository/org/springframework/spring-expression/6.0.13/spring-expression-6.0.13.jar:/Users/Sakura/.m2/repository/org/springframework/boot/spring-boot-starter-data-mongodb/3.1.5/spring-boot-starter-data-mongodb-3.1.5.jar:/Users/Sakura/.m2/repository/org/mongodb/mongodb-driver-sync/4.9.1/mongodb-driver-sync-4.9.1.jar:/Users/Sakura/.m2/repository/org/mongodb/bson/4.9.1/bson-4.9.1.jar:/Users/Sakura/.m2/repository/org/mongodb/mongodb-driver-core/4.9.1/mongodb-driver-core-4.9.1.jar:/Users/Sakura/.m2/repository/org/mongodb/bson-record-codec/4.9.1/bson-record-codec-4.9.1.jar:/Users/Sakura/.m2/repository/org/springframework/data/spring-data-mongodb/4.1.5/spring-data-mongodb-4.1.5.jar:/Users/Sakura/.m2/repository/org/springframework/data/spring-data-commons/3.1.5/spring-data-commons-3.1.5.jar:/Users/Sakura/.m2/repository/org/slf4j/slf4j-api/2.0.9/slf4j-api-2.0.9.jar:/Users/Sakura/.m2/repository/org/springframework/kafka/spring-kafka/3.0.12/spring-kafka-3.0.12.jar:/Users/Sakura/.m2/repository/org/springframework/spring-context/6.0.13/spring-context-6.0.13.jar:/Users/Sakura/.m2/repository/org/springframework/spring-messaging/6.0.13/spring-messaging-6.0.13.jar:/Users/Sakura/.m2/repository/org/springframework/spring-tx/6.0.13/spring-tx-6.0.13.jar:/Users/Sakura/.m2/repository/org/springframework/retry/spring-retry/2.0.4/spring-retry-2.0.4.jar:/Users/Sakura/.m2/repository/org/apache/kafka/kafka-clients/3.4.1/kafka-clients-3.4.1.jar:/Users/Sakura/.m2/repository/com/github/luben/zstd-jni/1.5.2-1/zstd-jni-1.5.2-1.jar:/Users/Sakura/.m2/repository/org/lz4/lz4-java/1.8.0/lz4-java-1.8.0.jar:/Users/Sakura/.m2/repository/org/xerial/snappy/snappy-java/1.1.8.4/snappy-java-1.1.8.4.jar:/Users/Sakura/.m2/repository/io/micrometer/micrometer-observation/1.11.5/micrometer-observation-1.11.5.jar:/Users/Sakura/.m2/repository/io/micrometer/micrometer-commons/1.11.5/micrometer-commons-1.11.5.jar:/Users/Sakura/.m2/repository/com/google/code/findbugs/jsr305/3.0.2/jsr305-3.0.2.jar:/Users/Sakura/.m2/repository/org/projectlombok/lombok/1.18.30/lombok-1.18.30.jar:/Users/Sakura/.m2/repository/com/fasterxml/jackson/core/jackson-databind/2.15.3/jackson-databind-2.15.3.jar:/Users/Sakura/.m2/repository/com/fasterxml/jackson/core/jackson-annotations/2.15.3/jackson-annotations-2.15.3.jar:/Users/Sakura/.m2/repository/com/fasterxml/jackson/core/jackson-core/2.15.3/jackson-core-2.15.3.jar:/Users/Sakura/.m2/repository/org/springframework/boot/spring-boot-starter-test/3.1.5/spring-boot-starter-test-3.1.5.jar:/Users/Sakura/.m2/repository/org/springframework/boot/spring-boot-test/3.1.5/spring-boot-test-3.1.5.jar:/Users/Sakura/.m2/repository/org/springframework/boot/spring-boot-test-autoconfigure/3.1.5/spring-boot-test-autoconfigure-3.1.5.jar:/Users/Sakura/.m2/repository/com/jayway/jsonpath/json-path/2.8.0/json-path-2.8.0.jar:/Users/Sakura/.m2/repository/jakarta/xml/bind/jakarta.xml.bind-api/4.0.1/jakarta.xml.bind-api-4.0.1.jar:/Users/Sakura/.m2/repository/jakarta/activation/jakarta.activation-api/2.1.2/jakarta.activation-api-2.1.2.jar:/Users/Sakura/.m2/repository/net/minidev/json-smart/2.4.11/json-smart-2.4.11.jar:/Users/Sakura/.m2/repository/net/minidev/accessors-smart/2.4.11/accessors-smart-2.4.11.jar:/Users/Sakura/.m2/repository/org/ow2/asm/asm/9.3/asm-9.3.jar:/Users/Sakura/.m2/repository/org/assertj/assertj-core/3.24.2/assertj-core-3.24.2.jar:/Users/Sakura/.m2/repository/net/bytebuddy/byte-buddy/1.14.9/byte-buddy-1.14.9.jar:/Users/Sakura/.m2/repository/org/hamcrest/hamcrest/2.2/hamcrest-2.2.jar:/Users/Sakura/.m2/repository/org/junit/jupiter/junit-jupiter/5.9.3/junit-jupiter-5.9.3.jar:/Users/Sakura/.m2/repository/org/junit/jupiter/junit-jupiter-params/5.9.3/junit-jupiter-params-5.9.3.jar:/Users/Sakura/.m2/repository/org/junit/jupiter/junit-jupiter-engine/5.9.3/junit-jupiter-engine-5.9.3.jar:/Users/Sakura/.m2/repository/org/mockito/mockito-core/5.3.1/mockito-core-5.3.1.jar:/Users/Sakura/.m2/repository/net/bytebuddy/byte-buddy-agent/1.14.9/byte-buddy-agent-1.14.9.jar:/Users/Sakura/.m2/repository/org/objenesis/objenesis/3.3/objenesis-3.3.jar:/Users/Sakura/.m2/repository/org/mockito/mockito-junit-jupiter/5.3.1/mockito-junit-jupiter-5.3.1.jar:/Users/Sakura/.m2/repository/org/skyscreamer/jsonassert/1.5.1/jsonassert-1.5.1.jar:/Users/Sakura/.m2/repository/com/vaadin/external/google/android-json/0.0.20131108.vaadin1/android-json-0.0.20131108.vaadin1.jar:/Users/Sakura/.m2/repository/org/springframework/spring-core/6.0.13/spring-core-6.0.13.jar:/Users/Sakura/.m2/repository/org/springframework/spring-jcl/6.0.13/spring-jcl-6.0.13.jar:/Users/Sakura/.m2/repository/org/springframework/spring-test/6.0.13/spring-test-6.0.13.jar:/Users/Sakura/.m2/repository/org/xmlunit/xmlunit-core/2.9.1/xmlunit-core-2.9.1.jar:/Users/Sakura/.m2/repository/org/springframework/kafka/spring-kafka-test/3.0.12/spring-kafka-test-3.0.12.jar:/Users/Sakura/.m2/repository/org/apache/zookeeper/zookeeper/3.6.3/zookeeper-3.6.3.jar:/Users/Sakura/.m2/repository/org/apache/zookeeper/zookeeper-jute/3.6.3/zookeeper-jute-3.6.3.jar:/Users/Sakura/.m2/repository/org/apache/yetus/audience-annotations/0.5.0/audience-annotations-0.5.0.jar:/Users/Sakura/.m2/repository/io/netty/netty-handler/4.1.100.Final/netty-handler-4.1.100.Final.jar:/Users/Sakura/.m2/repository/io/netty/netty-common/4.1.100.Final/netty-common-4.1.100.Final.jar:/Users/Sakura/.m2/repository/io/netty/netty-resolver/4.1.100.Final/netty-resolver-4.1.100.Final.jar:/Users/Sakura/.m2/repository/io/netty/netty-buffer/4.1.100.Final/netty-buffer-4.1.100.Final.jar:/Users/Sakura/.m2/repository/io/netty/netty-transport/4.1.100.Final/netty-transport-4.1.100.Final.jar:/Users/Sakura/.m2/repository/io/netty/netty-transport-native-unix-common/4.1.100.Final/netty-transport-native-unix-common-4.1.100.Final.jar:/Users/Sakura/.m2/repository/io/netty/netty-codec/4.1.100.Final/netty-codec-4.1.100.Final.jar:/Users/Sakura/.m2/repository/io/netty/netty-transport-native-epoll/4.1.100.Final/netty-transport-native-epoll-4.1.100.Final.jar:/Users/Sakura/.m2/repository/io/netty/netty-transport-classes-epoll/4.1.100.Final/netty-transport-classes-epoll-4.1.100.Final.jar:/Users/Sakura/.m2/repository/org/apache/kafka/kafka-clients/3.4.1/kafka-clients-3.4.1-test.jar:/Users/Sakura/.m2/repository/org/apache/kafka/kafka-metadata/3.4.1/kafka-metadata-3.4.1.jar:/Users/Sakura/.m2/repository/org/apache/kafka/kafka-server-common/3.4.1/kafka-server-common-3.4.1.jar:/Users/Sakura/.m2/repository/org/apache/kafka/kafka-raft/3.4.1/kafka-raft-3.4.1.jar:/Users/Sakura/.m2/repository/com/yammer/metrics/metrics-core/2.2.0/metrics-core-2.2.0.jar:/Users/Sakura/.m2/repository/org/apache/kafka/kafka-streams-test-utils/3.4.1/kafka-streams-test-utils-3.4.1.jar:/Users/Sakura/.m2/repository/org/apache/kafka/kafka-streams/3.4.1/kafka-streams-3.4.1.jar:/Users/Sakura/.m2/repository/org/rocksdb/rocksdbjni/7.1.2/rocksdbjni-7.1.2.jar:/Users/Sakura/.m2/repository/org/apache/kafka/kafka_2.13/3.4.1/kafka_2.13-3.4.1.jar:/Users/Sakura/.m2/repository/org/scala-lang/scala-library/2.13.10/scala-library-2.13.10.jar:/Users/Sakura/.m2/repository/org/apache/kafka/kafka-group-coordinator/3.4.1/kafka-group-coordinator-3.4.1.jar:/Users/Sakura/.m2/repository/org/apache/kafka/kafka-storage/3.4.1/kafka-storage-3.4.1.jar:/Users/Sakura/.m2/repository/org/apache/kafka/kafka-storage-api/3.4.1/kafka-storage-api-3.4.1.jar:/Users/Sakura/.m2/repository/net/sourceforge/argparse4j/argparse4j/0.7.0/argparse4j-0.7.0.jar:/Users/Sakura/.m2/repository/com/fasterxml/jackson/module/jackson-module-scala_2.13/2.15.3/jackson-module-scala_2.13-2.15.3.jar:/Users/Sakura/.m2/repository/com/thoughtworks/paranamer/paranamer/2.8/paranamer-2.8.jar:/Users/Sakura/.m2/repository/com/fasterxml/jackson/dataformat/jackson-dataformat-csv/2.15.3/jackson-dataformat-csv-2.15.3.jar:/Users/Sakura/.m2/repository/net/sf/jopt-simple/jopt-simple/5.0.4/jopt-simple-5.0.4.jar:/Users/Sakura/.m2/repository/org/bitbucket/b_c/jose4j/0.9.3/jose4j-0.9.3.jar:/Users/Sakura/.m2/repository/org/scala-lang/modules/scala-collection-compat_2.13/2.10.0/scala-collection-compat_2.13-2.10.0.jar:/Users/Sakura/.m2/repository/org/scala-lang/modules/scala-java8-compat_2.13/1.0.2/scala-java8-compat_2.13-1.0.2.jar:/Users/Sakura/.m2/repository/org/scala-lang/scala-reflect/2.13.10/scala-reflect-2.13.10.jar:/Users/Sakura/.m2/repository/com/typesafe/scala-logging/scala-logging_2.13/3.9.4/scala-logging_2.13-3.9.4.jar:/Users/Sakura/.m2/repository/io/dropwizard/metrics/metrics-core/4.2.21/metrics-core-4.2.21.jar:/Users/Sakura/.m2/repository/commons-cli/commons-cli/1.4/commons-cli-1.4.jar:/Users/Sakura/.m2/repository/org/apache/kafka/kafka_2.13/3.4.1/kafka_2.13-3.4.1-test.jar:/Users/Sakura/.m2/repository/org/junit/jupiter/junit-jupiter-api/5.9.3/junit-jupiter-api-5.9.3.jar:/Users/Sakura/.m2/repository/org/opentest4j/opentest4j/1.2.0/opentest4j-1.2.0.jar:/Users/Sakura/.m2/repository/org/junit/platform/junit-platform-commons/1.9.3/junit-platform-commons-1.9.3.jar:/Users/Sakura/.m2/repository/org/apiguardian/apiguardian-api/1.1.2/apiguardian-api-1.1.2.jar:/Users/Sakura/.m2/repository/org/junit/platform/junit-platform-launcher/1.9.3/junit-platform-launcher-1.9.3.jar:/Users/Sakura/.m2/repository/org/junit/platform/junit-platform-engine/1.9.3/junit-platform-engine-1.9.3.jar:"/>
    <property name="sun.cpu.endian" value="little"/>
    <property name="user.home" value="/Users/Sakura"/>
    <property name="user.language" value="zh"/>
    <property name="java.specification.vendor" value="Oracle Corporation"/>
    <property name="java.version.date" value="2023-10-17"/>
    <property name="java.home" value="/opt/homebrew/Cellar/openjdk/21.0.1/libexec/openjdk.jdk/Contents/Home"/>
    <property name="file.separator" value="/"/>
    <property name="basedir" value="/Users/Sakura/18653_SDA/GroupProject/RideRecommendation"/>
    <property name="java.vm.compressedOopsMode" value="Zero based"/>
    <property name="line.separator" value="&#10;"/>
    <property name="java.vm.specification.vendor" value="Oracle Corporation"/>
    <property name="java.specification.name" value="Java Platform API Specification"/>
    <property name="FILE_LOG_CHARSET" value="UTF-8"/>
    <property name="java.awt.headless" value="true"/>
    <property name="apple.awt.application.name" value="ForkedBooter"/>
    <property name="surefire.real.class.path" value="/Users/Sakura/18653_SDA/GroupProject/RideRecommendation/target/surefire/surefirebooter-20231205191608260_3.jar"/>
    <property name="user.script" value="Hans"/>
    <property name="sun.management.compiler" value="HotSpot 64-Bit Tiered Compilers"/>
    <property name="java.runtime.version" value="21.0.1"/>
    <property name="user.name" value="Sakura"/>
    <property name="stdout.encoding" value="UTF-8"/>
    <property name="path.separator" value=":"/>
    <property name="os.version" value="14.1.1"/>
    <property name="java.runtime.name" value="OpenJDK Runtime Environment"/>
    <property name="file.encoding" value="UTF-8"/>
    <property name="java.vm.name" value="OpenJDK 64-Bit Server VM"/>
    <property name="java.vendor.version" value="Homebrew"/>
    <property name="localRepository" value="/Users/Sakura/.m2/repository"/>
    <property name="java.vendor.url.bug" value="https://github.com/Homebrew/homebrew-core/issues"/>
    <property name="java.io.tmpdir" value="/var/folders/ts/jzkdbw6x6_j4200c4m2wwd140000gn/T/"/>
    <property name="java.version" value="21.0.1"/>
    <property name="user.dir" value="/Users/Sakura/18653_SDA/GroupProject/RideRecommendation"/>
    <property name="os.arch" value="aarch64"/>
    <property name="java.vm.specification.name" value="Java Virtual Machine Specification"/>
    <property name="PID" value="22730"/>
    <property name="CONSOLE_LOG_CHARSET" value="UTF-8"/>
    <property name="native.encoding" value="UTF-8"/>
    <property name="java.library.path" value="/Users/Sakura/Library/Java/Extensions:/Library/Java/Extensions:/Network/Library/Java/Extensions:/System/Library/Java/Extensions:/usr/lib/java:."/>
    <property name="java.vm.info" value="mixed mode, sharing"/>
    <property name="stderr.encoding" value="UTF-8"/>
    <property name="java.vendor" value="Homebrew"/>
    <property name="java.vm.version" value="21.0.1"/>
    <property name="sun.io.unicode.encoding" value="UnicodeBig"/>
    <property name="java.class.version" value="65.0"/>
  </properties>
  <testcase name="contextLoads" classname="com.campushare.RideRecommendation.RideRecommendationApplicationTests" time="0.502">
    <system-out><![CDATA[19:16:08.964 [main] INFO org.springframework.test.context.support.AnnotationConfigContextLoaderUtils -- Could not detect default configuration classes for test class [com.campushare.RideRecommendation.RideRecommendationApplicationTests]: RideRecommendationApplicationTests does not declare any static, non-private, non-final, nested classes annotated with @Configuration.
19:16:09.006 [main] INFO org.springframework.boot.test.context.SpringBootTestContextBootstrapper -- Found @SpringBootConfiguration com.campushare.RideRecommendation.RideRecommendationApplication for test class com.campushare.RideRecommendation.RideRecommendationApplicationTests

  .   ____          _            __ _ _
 /\\ / ___'_ __ _ _(_)_ __  __ _ \ \ \ \
( ( )\___ | '_ | '_| | '_ \/ _` | \ \ \ \
 \\/  ___)| |_)| | | | | || (_| |  ) ) ) )
  '  |____| .__|_| |_|_| |_\__, | / / / /
 =========|_|==============|___/=/_/_/_/
 :: Spring Boot ::                (v3.1.5)

2023-12-05T19:16:09.277-08:00  INFO 22730 --- [           main] c.c.R.RideRecommendationApplicationTests : Starting RideRecommendationApplicationTests using Java 21.0.1 with PID 22730 (started by Sakura in /Users/Sakura/18653_SDA/GroupProject/RideRecommendation)
2023-12-05T19:16:09.278-08:00  INFO 22730 --- [           main] c.c.R.RideRecommendationApplicationTests : No active profile set, falling back to 1 default profile: "default"
2023-12-05T19:16:09.554-08:00  INFO 22730 --- [           main] .s.d.r.c.RepositoryConfigurationDelegate : Bootstrapping Spring Data MongoDB repositories in DEFAULT mode.
2023-12-05T19:16:09.577-08:00  INFO 22730 --- [           main] .s.d.r.c.RepositoryConfigurationDelegate : Finished Spring Data repository scanning in 21 ms. Found 2 MongoDB repository interfaces.
2023-12-05T19:16:09.905-08:00  INFO 22730 --- [           main] org.mongodb.driver.client                : MongoClient with metadata {"driver": {"name": "mongo-java-driver|sync|spring-boot", "version": "4.9.1"}, "os": {"type": "Darwin", "name": "Mac OS X", "architecture": "aarch64", "version": "14.1.1"}, "platform": "Java/Homebrew/21.0.1"} created with settings MongoClientSettings{readPreference=primary, writeConcern=WriteConcern{w=majority, wTimeout=null ms, journal=null}, retryWrites=true, retryReads=true, readConcern=ReadConcern{level=null}, credential=MongoCredential{mechanism=null, userName='campushareAdmin', source='admin', password=<hidden>, mechanismProperties=<hidden>}, streamFactoryFactory=null, commandListeners=[], codecRegistry=ProvidersCodecRegistry{codecProviders=[ValueCodecProvider{}, BsonValueCodecProvider{}, DBRefCodecProvider{}, DBObjectCodecProvider{}, DocumentCodecProvider{}, CollectionCodecProvider{}, IterableCodecProvider{}, MapCodecProvider{}, GeoJsonCodecProvider{}, GridFSFileCodecProvider{}, Jsr310CodecProvider{}, JsonObjectCodecProvider{}, BsonCodecProvider{}, EnumCodecProvider{}, com.mongodb.client.model.mql.ExpressionCodecProvider@33eb6758, com.mongodb.Jep395RecordCodecProvider@f8a6243]}, loggerSettings=LoggerSettings{maxDocumentLength=1000}, clusterSettings={hosts=[127.0.0.1:27017], srvHost=clustercampushare.qhbomhf.mongodb.net, srvServiceName=mongodb, mode=MULTIPLE, requiredClusterType=REPLICA_SET, requiredReplicaSetName='atlas-116l6n-shard-0', serverSelector='null', clusterListeners='[]', serverSelectionTimeout='30000 ms', localThreshold='30000 ms'}, socketSettings=SocketSettings{connectTimeoutMS=10000, readTimeoutMS=0, receiveBufferSize=0, sendBufferSize=0}, heartbeatSocketSettings=SocketSettings{connectTimeoutMS=10000, readTimeoutMS=10000, receiveBufferSize=0, sendBufferSize=0}, connectionPoolSettings=ConnectionPoolSettings{maxSize=100, minSize=0, maxWaitTimeMS=120000, maxConnectionLifeTimeMS=0, maxConnectionIdleTimeMS=0, maintenanceInitialDelayMS=0, maintenanceFrequencyMS=60000, connectionPoolListeners=[], maxConnecting=2}, serverSettings=ServerSettings{heartbeatFrequencyMS=10000, minHeartbeatFrequencyMS=500, serverListeners='[]', serverMonitorListeners='[]'}, sslSettings=SslSettings{enabled=true, invalidHostNameAllowed=false, context=null}, applicationName='null', compressorList=[], uuidRepresentation=JAVA_LEGACY, serverApi=null, autoEncryptionSettings=null, contextProvider=null}
2023-12-05T19:16:09.948-08:00  INFO 22730 --- [mhf.mongodb.net] org.mongodb.driver.cluster               : Adding discovered server ac-xxstgo4-shard-00-02.qhbomhf.mongodb.net:27017 to client view of cluster
2023-12-05T19:16:09.957-08:00  INFO 22730 --- [mhf.mongodb.net] org.mongodb.driver.cluster               : Adding discovered server ac-xxstgo4-shard-00-01.qhbomhf.mongodb.net:27017 to client view of cluster
2023-12-05T19:16:09.958-08:00  INFO 22730 --- [mhf.mongodb.net] org.mongodb.driver.cluster               : Adding discovered server ac-xxstgo4-shard-00-00.qhbomhf.mongodb.net:27017 to client view of cluster
2023-12-05T19:16:10.263-08:00  INFO 22730 --- [           main] c.c.R.config.EventListenerConfig         : Subscribing listeners...
2023-12-05T19:16:10.263-08:00  INFO 22730 --- [           main] c.c.R.config.EventListenerConfig         : Subscribed to USER_CREATED event.
2023-12-05T19:16:10.263-08:00  INFO 22730 --- [           main] c.c.R.config.EventListenerConfig         : Subscribed to USER_UPDATED event.
2023-12-05T19:16:10.458-08:00  INFO 22730 --- [ngodb.net:27017] org.mongodb.driver.cluster               : Monitor thread successfully connected to server with description ServerDescription{address=ac-xxstgo4-shard-00-01.qhbomhf.mongodb.net:27017, type=REPLICA_SET_SECONDARY, state=CONNECTED, ok=true, minWireVersion=0, maxWireVersion=17, maxDocumentSize=16777216, logicalSessionTimeoutMinutes=30, roundTripTimeNanos=220958208, setName='atlas-116l6n-shard-0', canonicalAddress=ac-xxstgo4-shard-00-01.qhbomhf.mongodb.net:27017, hosts=[ac-xxstgo4-shard-00-02.qhbomhf.mongodb.net:27017, ac-xxstgo4-shard-00-00.qhbomhf.mongodb.net:27017, ac-xxstgo4-shard-00-01.qhbomhf.mongodb.net:27017], passives=[], arbiters=[], primary='ac-xxstgo4-shard-00-02.qhbomhf.mongodb.net:27017', tagSet=TagSet{[Tag{name='nodeType', value='ELECTABLE'}, Tag{name='provider', value='AZURE'}, Tag{name='region', value='US_WEST'}, Tag{name='workloadType', value='OPERATIONAL'}]}, electionId=null, setVersion=7, topologyVersion=TopologyVersion{processId=65662bd091bd31d9f03971ee, counter=3}, lastWriteDate=Tue Dec 05 19:16:10 PST 2023, lastUpdateTimeNanos=39986813013166}
2023-12-05T19:16:10.458-08:00  INFO 22730 --- [ngodb.net:27017] org.mongodb.driver.cluster               : Monitor thread successfully connected to server with description ServerDescription{address=ac-xxstgo4-shard-00-02.qhbomhf.mongodb.net:27017, type=REPLICA_SET_PRIMARY, state=CONNECTED, ok=true, minWireVersion=0, maxWireVersion=17, maxDocumentSize=16777216, logicalSessionTimeoutMinutes=30, roundTripTimeNanos=223564292, setName='atlas-116l6n-shard-0', canonicalAddress=ac-xxstgo4-shard-00-02.qhbomhf.mongodb.net:27017, hosts=[ac-xxstgo4-shard-00-02.qhbomhf.mongodb.net:27017, ac-xxstgo4-shard-00-00.qhbomhf.mongodb.net:27017, ac-xxstgo4-shard-00-01.qhbomhf.mongodb.net:27017], passives=[], arbiters=[], primary='ac-xxstgo4-shard-00-02.qhbomhf.mongodb.net:27017', tagSet=TagSet{[Tag{name='nodeType', value='ELECTABLE'}, Tag{name='provider', value='AZURE'}, Tag{name='region', value='US_WEST'}, Tag{name='workloadType', value='OPERATIONAL'}]}, electionId=7fffffff00000000000000bf, setVersion=7, topologyVersion=TopologyVersion{processId=65662b7a70cfa6e0f105baea, counter=6}, lastWriteDate=Tue Dec 05 19:16:10 PST 2023, lastUpdateTimeNanos=39986813052541}
2023-12-05T19:16:10.459-08:00  INFO 22730 --- [ngodb.net:27017] org.mongodb.driver.cluster               : Monitor thread successfully connected to server with description ServerDescription{address=ac-xxstgo4-shard-00-00.qhbomhf.mongodb.net:27017, type=REPLICA_SET_SECONDARY, state=CONNECTED, ok=true, minWireVersion=0, maxWireVersion=17, maxDocumentSize=16777216, logicalSessionTimeoutMinutes=30, roundTripTimeNanos=220934209, setName='atlas-116l6n-shard-0', canonicalAddress=ac-xxstgo4-shard-00-00.qhbomhf.mongodb.net:27017, hosts=[ac-xxstgo4-shard-00-02.qhbomhf.mongodb.net:27017, ac-xxstgo4-shard-00-00.qhbomhf.mongodb.net:27017, ac-xxstgo4-shard-00-01.qhbomhf.mongodb.net:27017], passives=[], arbiters=[], primary='ac-xxstgo4-shard-00-02.qhbomhf.mongodb.net:27017', tagSet=TagSet{[Tag{name='nodeType', value='ELECTABLE'}, Tag{name='provider', value='AZURE'}, Tag{name='region', value='US_WEST'}, Tag{name='workloadType', value='OPERATIONAL'}]}, electionId=null, setVersion=7, topologyVersion=TopologyVersion{processId=65662b27b003b301502cd1d0, counter=4}, lastWriteDate=Tue Dec 05 19:16:10 PST 2023, lastUpdateTimeNanos=39986812915666}
2023-12-05T19:16:10.463-08:00  INFO 22730 --- [ngodb.net:27017] org.mongodb.driver.cluster               : Discovered replica set primary ac-xxstgo4-shard-00-02.qhbomhf.mongodb.net:27017 with max election id 7fffffff00000000000000bf and max set version 7
2023-12-05T19:16:10.584-08:00  INFO 22730 --- [           main] o.a.k.clients.consumer.ConsumerConfig    : ConsumerConfig values: 
	allow.auto.create.topics = true
	auto.commit.interval.ms = 5000
	auto.include.jmx.reporter = true
	auto.offset.reset = earliest
	bootstrap.servers = [35.219.146.212:9092]
	check.crcs = true
	client.dns.lookup = use_all_dns_ips
	client.id = consumer-recommendation-management-group-1
	client.rack = 
	connections.max.idle.ms = 540000
	default.api.timeout.ms = 60000
	enable.auto.commit = false
	exclude.internal.topics = true
	fetch.max.bytes = 52428800
	fetch.max.wait.ms = 500
	fetch.min.bytes = 1
	group.id = recommendation-management-group
	group.instance.id = null
	heartbeat.interval.ms = 3000
	interceptor.classes = []
	internal.leave.group.on.close = true
	internal.throw.on.fetch.stable.offset.unsupported = false
	isolation.level = read_uncommitted
	key.deserializer = class org.apache.kafka.common.serialization.StringDeserializer
	max.partition.fetch.bytes = 1048576
	max.poll.interval.ms = 300000
	max.poll.records = 500
	metadata.max.age.ms = 300000
	metric.reporters = []
	metrics.num.samples = 2
	metrics.recording.level = INFO
	metrics.sample.window.ms = 30000
	partition.assignment.strategy = [class org.apache.kafka.clients.consumer.RangeAssignor, class org.apache.kafka.clients.consumer.CooperativeStickyAssignor]
	receive.buffer.bytes = 65536
	reconnect.backoff.max.ms = 1000
	reconnect.backoff.ms = 50
	request.timeout.ms = 30000
	retry.backoff.ms = 100
	sasl.client.callback.handler.class = null
	sasl.jaas.config = null
	sasl.kerberos.kinit.cmd = /usr/bin/kinit
	sasl.kerberos.min.time.before.relogin = 60000
	sasl.kerberos.service.name = null
	sasl.kerberos.ticket.renew.jitter = 0.05
	sasl.kerberos.ticket.renew.window.factor = 0.8
	sasl.login.callback.handler.class = null
	sasl.login.class = null
	sasl.login.connect.timeout.ms = null
	sasl.login.read.timeout.ms = null
	sasl.login.refresh.buffer.seconds = 300
	sasl.login.refresh.min.period.seconds = 60
	sasl.login.refresh.window.factor = 0.8
	sasl.login.refresh.window.jitter = 0.05
	sasl.login.retry.backoff.max.ms = 10000
	sasl.login.retry.backoff.ms = 100
	sasl.mechanism = GSSAPI
	sasl.oauthbearer.clock.skew.seconds = 30
	sasl.oauthbearer.expected.audience = null
	sasl.oauthbearer.expected.issuer = null
	sasl.oauthbearer.jwks.endpoint.refresh.ms = 3600000
	sasl.oauthbearer.jwks.endpoint.retry.backoff.max.ms = 10000
	sasl.oauthbearer.jwks.endpoint.retry.backoff.ms = 100
	sasl.oauthbearer.jwks.endpoint.url = null
	sasl.oauthbearer.scope.claim.name = scope
	sasl.oauthbearer.sub.claim.name = sub
	sasl.oauthbearer.token.endpoint.url = null
	security.protocol = PLAINTEXT
	security.providers = null
	send.buffer.bytes = 131072
	session.timeout.ms = 45000
	socket.connection.setup.timeout.max.ms = 30000
	socket.connection.setup.timeout.ms = 10000
	ssl.cipher.suites = null
	ssl.enabled.protocols = [TLSv1.2, TLSv1.3]
	ssl.endpoint.identification.algorithm = https
	ssl.engine.factory.class = null
	ssl.key.password = null
	ssl.keymanager.algorithm = SunX509
	ssl.keystore.certificate.chain = null
	ssl.keystore.key = null
	ssl.keystore.location = null
	ssl.keystore.password = null
	ssl.keystore.type = JKS
	ssl.protocol = TLSv1.3
	ssl.provider = null
	ssl.secure.random.implementation = null
	ssl.trustmanager.algorithm = PKIX
	ssl.truststore.certificates = null
	ssl.truststore.location = null
	ssl.truststore.password = null
	ssl.truststore.type = JKS
	value.deserializer = class org.apache.kafka.common.serialization.StringDeserializer

2023-12-05T19:16:10.700-08:00  INFO 22730 --- [           main] o.a.kafka.common.utils.AppInfoParser     : Kafka version: 3.4.1
2023-12-05T19:16:10.701-08:00  INFO 22730 --- [           main] o.a.kafka.common.utils.AppInfoParser     : Kafka commitId: 8a516edc2755df89
2023-12-05T19:16:10.701-08:00  INFO 22730 --- [           main] o.a.kafka.common.utils.AppInfoParser     : Kafka startTimeMs: 1701832570700
2023-12-05T19:16:10.702-08:00  INFO 22730 --- [           main] o.a.k.clients.consumer.KafkaConsumer     : [Consumer clientId=consumer-recommendation-management-group-1, groupId=recommendation-management-group] Subscribed to topic(s): create_user_topic
2023-12-05T19:16:10.708-08:00  INFO 22730 --- [           main] o.a.k.clients.consumer.ConsumerConfig    : ConsumerConfig values: 
	allow.auto.create.topics = true
	auto.commit.interval.ms = 5000
	auto.include.jmx.reporter = true
	auto.offset.reset = earliest
	bootstrap.servers = [35.219.146.212:9092]
	check.crcs = true
	client.dns.lookup = use_all_dns_ips
	client.id = consumer-recommendation-management-group-2
	client.rack = 
	connections.max.idle.ms = 540000
	default.api.timeout.ms = 60000
	enable.auto.commit = false
	exclude.internal.topics = true
	fetch.max.bytes = 52428800
	fetch.max.wait.ms = 500
	fetch.min.bytes = 1
	group.id = recommendation-management-group
	group.instance.id = null
	heartbeat.interval.ms = 3000
	interceptor.classes = []
	internal.leave.group.on.close = true
	internal.throw.on.fetch.stable.offset.unsupported = false
	isolation.level = read_uncommitted
	key.deserializer = class org.apache.kafka.common.serialization.StringDeserializer
	max.partition.fetch.bytes = 1048576
	max.poll.interval.ms = 300000
	max.poll.records = 500
	metadata.max.age.ms = 300000
	metric.reporters = []
	metrics.num.samples = 2
	metrics.recording.level = INFO
	metrics.sample.window.ms = 30000
	partition.assignment.strategy = [class org.apache.kafka.clients.consumer.RangeAssignor, class org.apache.kafka.clients.consumer.CooperativeStickyAssignor]
	receive.buffer.bytes = 65536
	reconnect.backoff.max.ms = 1000
	reconnect.backoff.ms = 50
	request.timeout.ms = 30000
	retry.backoff.ms = 100
	sasl.client.callback.handler.class = null
	sasl.jaas.config = null
	sasl.kerberos.kinit.cmd = /usr/bin/kinit
	sasl.kerberos.min.time.before.relogin = 60000
	sasl.kerberos.service.name = null
	sasl.kerberos.ticket.renew.jitter = 0.05
	sasl.kerberos.ticket.renew.window.factor = 0.8
	sasl.login.callback.handler.class = null
	sasl.login.class = null
	sasl.login.connect.timeout.ms = null
	sasl.login.read.timeout.ms = null
	sasl.login.refresh.buffer.seconds = 300
	sasl.login.refresh.min.period.seconds = 60
	sasl.login.refresh.window.factor = 0.8
	sasl.login.refresh.window.jitter = 0.05
	sasl.login.retry.backoff.max.ms = 10000
	sasl.login.retry.backoff.ms = 100
	sasl.mechanism = GSSAPI
	sasl.oauthbearer.clock.skew.seconds = 30
	sasl.oauthbearer.expected.audience = null
	sasl.oauthbearer.expected.issuer = null
	sasl.oauthbearer.jwks.endpoint.refresh.ms = 3600000
	sasl.oauthbearer.jwks.endpoint.retry.backoff.max.ms = 10000
	sasl.oauthbearer.jwks.endpoint.retry.backoff.ms = 100
	sasl.oauthbearer.jwks.endpoint.url = null
	sasl.oauthbearer.scope.claim.name = scope
	sasl.oauthbearer.sub.claim.name = sub
	sasl.oauthbearer.token.endpoint.url = null
	security.protocol = PLAINTEXT
	security.providers = null
	send.buffer.bytes = 131072
	session.timeout.ms = 45000
	socket.connection.setup.timeout.max.ms = 30000
	socket.connection.setup.timeout.ms = 10000
	ssl.cipher.suites = null
	ssl.enabled.protocols = [TLSv1.2, TLSv1.3]
	ssl.endpoint.identification.algorithm = https
	ssl.engine.factory.class = null
	ssl.key.password = null
	ssl.keymanager.algorithm = SunX509
	ssl.keystore.certificate.chain = null
	ssl.keystore.key = null
	ssl.keystore.location = null
	ssl.keystore.password = null
	ssl.keystore.type = JKS
	ssl.protocol = TLSv1.3
	ssl.provider = null
	ssl.secure.random.implementation = null
	ssl.trustmanager.algorithm = PKIX
	ssl.truststore.certificates = null
	ssl.truststore.location = null
	ssl.truststore.password = null
	ssl.truststore.type = JKS
	value.deserializer = class org.apache.kafka.common.serialization.StringDeserializer

2023-12-05T19:16:10.711-08:00  INFO 22730 --- [           main] o.a.kafka.common.utils.AppInfoParser     : Kafka version: 3.4.1
2023-12-05T19:16:10.712-08:00  INFO 22730 --- [           main] o.a.kafka.common.utils.AppInfoParser     : Kafka commitId: 8a516edc2755df89
2023-12-05T19:16:10.712-08:00  INFO 22730 --- [           main] o.a.kafka.common.utils.AppInfoParser     : Kafka startTimeMs: 1701832570711
2023-12-05T19:16:10.712-08:00  INFO 22730 --- [           main] o.a.k.clients.consumer.KafkaConsumer     : [Consumer clientId=consumer-recommendation-management-group-2, groupId=recommendation-management-group] Subscribed to topic(s): edit_user_topic
2023-12-05T19:16:10.716-08:00  INFO 22730 --- [           main] c.c.R.RideRecommendationApplicationTests : Started RideRecommendationApplicationTests in 1.618 seconds (process running for 2.319)
2023-12-05T19:16:10.954-08:00  INFO 22730 --- [ntainer#0-0-C-1] org.apache.kafka.clients.Metadata        : [Consumer clientId=consumer-recommendation-management-group-1, groupId=recommendation-management-group] Resetting the last seen epoch of partition create_user_topic-0 to 0 since the associated topicId changed from null to vVfDphwJTneG1uImWnKz0Q
2023-12-05T19:16:10.954-08:00  INFO 22730 --- [ntainer#1-0-C-1] org.apache.kafka.clients.Metadata        : [Consumer clientId=consumer-recommendation-management-group-2, groupId=recommendation-management-group] Resetting the last seen epoch of partition edit_user_topic-0 to 0 since the associated topicId changed from null to Zs3bRrFuQjWJFeLBbExLWg
2023-12-05T19:16:10.955-08:00  INFO 22730 --- [ntainer#0-0-C-1] org.apache.kafka.clients.Metadata        : [Consumer clientId=consumer-recommendation-management-group-1, groupId=recommendation-management-group] Cluster ID: HPktyMepSAa37WWY_8_-Rg
2023-12-05T19:16:10.955-08:00  INFO 22730 --- [ntainer#1-0-C-1] org.apache.kafka.clients.Metadata        : [Consumer clientId=consumer-recommendation-management-group-2, groupId=recommendation-management-group] Cluster ID: HPktyMepSAa37WWY_8_-Rg
2023-12-05T19:16:10.956-08:00  INFO 22730 --- [ntainer#1-0-C-1] o.a.k.c.c.internals.ConsumerCoordinator  : [Consumer clientId=consumer-recommendation-management-group-2, groupId=recommendation-management-group] Discovered group coordinator 35.219.146.212:9092 (id: 2147482646 rack: null)
2023-12-05T19:16:10.958-08:00  INFO 22730 --- [ntainer#1-0-C-1] o.a.k.c.c.internals.ConsumerCoordinator  : [Consumer clientId=consumer-recommendation-management-group-2, groupId=recommendation-management-group] (Re-)joining group
2023-12-05T19:16:10.959-08:00  INFO 22730 --- [ntainer#0-0-C-1] o.a.k.c.c.internals.ConsumerCoordinator  : [Consumer clientId=consumer-recommendation-management-group-1, groupId=recommendation-management-group] Discovered group coordinator 35.219.146.212:9092 (id: 2147482646 rack: null)
2023-12-05T19:16:10.959-08:00  INFO 22730 --- [ntainer#0-0-C-1] o.a.k.c.c.internals.ConsumerCoordinator  : [Consumer clientId=consumer-recommendation-management-group-1, groupId=recommendation-management-group] (Re-)joining group
2023-12-05T19:16:11.057-08:00  INFO 22730 --- [ntainer#1-0-C-1] o.a.k.c.c.internals.ConsumerCoordinator  : [Consumer clientId=consumer-recommendation-management-group-2, groupId=recommendation-management-group] Request joining group due to: need to re-join with the given member-id: consumer-recommendation-management-group-2-429d93b6-cfcc-4098-9075-76e330522706
2023-12-05T19:16:11.057-08:00  INFO 22730 --- [ntainer#1-0-C-1] o.a.k.c.c.internals.ConsumerCoordinator  : [Consumer clientId=consumer-recommendation-management-group-2, groupId=recommendation-management-group] Request joining group due to: rebalance failed due to 'The group member needs to have a valid member id before actually entering a consumer group.' (MemberIdRequiredException)
2023-12-05T19:16:11.057-08:00  INFO 22730 --- [ntainer#1-0-C-1] o.a.k.c.c.internals.ConsumerCoordinator  : [Consumer clientId=consumer-recommendation-management-group-2, groupId=recommendation-management-group] (Re-)joining group
2023-12-05T19:16:11.077-08:00  INFO 22730 --- [ntainer#0-0-C-1] o.a.k.c.c.internals.ConsumerCoordinator  : [Consumer clientId=consumer-recommendation-management-group-1, groupId=recommendation-management-group] Request joining group due to: need to re-join with the given member-id: consumer-recommendation-management-group-1-26ca42a5-6780-420f-a3a5-03da92c4155c
2023-12-05T19:16:11.077-08:00  INFO 22730 --- [ntainer#0-0-C-1] o.a.k.c.c.internals.ConsumerCoordinator  : [Consumer clientId=consumer-recommendation-management-group-1, groupId=recommendation-management-group] Request joining group due to: rebalance failed due to 'The group member needs to have a valid member id before actually entering a consumer group.' (MemberIdRequiredException)
2023-12-05T19:16:11.077-08:00  INFO 22730 --- [ntainer#0-0-C-1] o.a.k.c.c.internals.ConsumerCoordinator  : [Consumer clientId=consumer-recommendation-management-group-1, groupId=recommendation-management-group] (Re-)joining group
]]></system-out>
    <system-err><![CDATA[WARNING: A Java agent has been loaded dynamically (/Users/Sakura/.m2/repository/net/bytebuddy/byte-buddy-agent/1.14.9/byte-buddy-agent-1.14.9.jar)
WARNING: If a serviceability tool is in use, please run with -XX:+EnableDynamicAgentLoading to hide this warning
WARNING: If a serviceability tool is not in use, please run with -Djdk.instrument.traceUsage for more information
WARNING: Dynamic loading of agents will be disallowed by default in a future release
]]></system-err>
  </testcase>
</testsuite>